<?xml version="1.0" encoding="UTF-8"?>
<testng-results ignored="0" total="1" passed="1" failed="0" skipped="0">
  <reporter-output>
  </reporter-output>
  <suite started-at="2023-10-17T21:56:23 IST" name="TestNG.SampleTest" finished-at="2023-10-17T21:56:34 IST" duration-ms="11348">
    <groups>
    </groups>
    <test started-at="2023-10-17T21:56:23 IST" name="Command line test" finished-at="2023-10-17T21:56:34 IST" duration-ms="11348">
      <class name="TestNG.SampleTest">
        <test-method is-config="true" signature="beforeTest()[pri:0, instance:TestNG.SampleTest@6a2b953e]" started-at="2023-10-17T21:56:23 IST" name="beforeTest" finished-at="2023-10-17T21:56:28 IST" duration-ms="5441" status="PASS">
          <reporter-output>
          </reporter-output>
        </test-method> <!-- beforeTest -->
        <test-method signature="f()[pri:0, instance:TestNG.SampleTest@6a2b953e]" started-at="2023-10-17T21:56:28 IST" name="f" finished-at="2023-10-17T21:56:34 IST" duration-ms="5543" status="PASS">
          <reporter-output>
          </reporter-output>
        </test-method> <!-- f -->
        <test-method is-config="true" signature="afterTest()[pri:0, instance:TestNG.SampleTest@6a2b953e]" started-at="2023-10-17T21:56:34 IST" name="afterTest" finished-at="2023-10-17T21:56:34 IST" duration-ms="314" status="PASS">
          <reporter-output>
          </reporter-output>
        </test-method> <!-- afterTest -->
      </class> <!-- TestNG.SampleTest -->
    </test> <!-- Command line test -->
  </suite> <!-- TestNG.SampleTest -->
</testng-results>
