<?xml version="1.0" encoding="UTF-8"?>
<testng-results ignored="0" total="1" passed="1" failed="0" skipped="0">
  <reporter-output>
  </reporter-output>
  <suite started-at="2023-10-17T21:53:31 IST" name="Test-Suite" finished-at="2023-10-17T21:53:42 IST" duration-ms="11113">
    <groups>
    </groups>
    <test started-at="2023-10-17T21:53:31 IST" name="Simple Test" finished-at="2023-10-17T21:53:42 IST" duration-ms="11113">
      <class name="TestNG.SampleTest">
        <test-method is-config="true" signature="beforeTest()[pri:0, instance:TestNG.SampleTest@2eae8e6e]" started-at="2023-10-17T21:53:31 IST" name="beforeTest" finished-at="2023-10-17T21:53:37 IST" duration-ms="5543" status="PASS">
          <reporter-output>
          </reporter-output>
        </test-method> <!-- beforeTest -->
        <test-method signature="f()[pri:0, instance:TestNG.SampleTest@2eae8e6e]" started-at="2023-10-17T21:53:37 IST" name="f" finished-at="2023-10-17T21:53:42 IST" duration-ms="5344" status="PASS">
          <reporter-output>
          </reporter-output>
        </test-method> <!-- f -->
        <test-method is-config="true" signature="afterTest()[pri:0, instance:TestNG.SampleTest@2eae8e6e]" started-at="2023-10-17T21:53:42 IST" name="afterTest" finished-at="2023-10-17T21:53:42 IST" duration-ms="197" status="PASS">
          <reporter-output>
          </reporter-output>
        </test-method> <!-- afterTest -->
      </class> <!-- TestNG.SampleTest -->
    </test> <!-- Simple Test -->
  </suite> <!-- Test-Suite -->
</testng-results>
